scripts/test_dm_flow.ts(6,10): error TS2724: '"@/lib/ai/customer/processor"' has no exported member named 'processInteractionV5'. Did you mean 'processInteraction'?
scripts/test_vector_search.ts(4,10): error TS2724: '"@/lib/ai/customer/processor"' has no exported member named 'processInteractionV5'. Did you mean 'processInteraction'?
src/app/api/webhook/[platform]/route.ts(7,10): error TS2724: '"@/lib/ai/customer/processor"' has no exported member named 'processInteractionV5'. Did you mean 'processInteraction'?
src/lib/ai/services/ingestion.ts(5,32): error TS2307: Cannot find module 'drizzle-orm/sql-functions' or its corresponding type declarations.
src/lib/ai/services/ingestion.ts(50,25): error TS2345: Argument of type 'boolean' is not assignable to parameter of type 'SQLWrapper'.
src/lib/ai/services/ingestion.ts(50,25): error TS2367: This comparison appears to be unintentional because the types 'SQL<unknown>' and 'boolean' have no overlap.
src/lib/ai/services/ingestion.ts(68,36): error TS2363: The right-hand side of an arithmetic operation must be of type 'any', 'number', 'bigint' or an enum type.
src/lib/webhook-actions.ts(7,10): error TS2724: '"@/lib/ai/customer/processor"' has no exported member named 'processInteractionV5'. Did you mean 'processInteraction'?
src/lib/webhook-actions.ts(66,25): error TS2339: Property 'ingestPost' does not exist on type 'typeof import("/home/cosmic-soul/Desktop/tiktokbot/src/lib/ai/services/ingestion")'.
src/lib/webhook-actions.ts(93,29): error TS2552: Cannot find name 'processInteraction'. Did you mean 'processInteractionV5'?
